2026-06-24T00:00:00|INFO|reporting-worker|unknown customer_id|request_id=req-8937
2026-06-24T00:00:38|INFO|etl-runner|job started|request_id=req-7502
2026-06-24T00:01:16|INFO|etl-runner|unknown customer_id|request_id=req-2471
2026-06-24T00:00:24|WARN|customer-api|unknown customer_id|request_id=req-2951
2026-06-24T00:01:36|WARN|billing-api|job completed|request_id=req-8597
2026-06-24T00:02:45|WARN|customer-api|job started|request_id=req-1368
2026-06-24T00:03:06|ERROR|customer-api|permission denied|request_id=req-9903
2026-06-24T00:02:13|INFO|reporting-worker|job started|request_id=req-3644
2026-06-24T00:02:16|INFO|customer-api|job completed|request_id=req-2984
2026-06-24T00:01:12|WARN|customer-api|retry succeeded|request_id=req-5448
2026-06-24T00:00:50|INFO|reporting-worker|job started|request_id=req-5369
2026-06-24T00:07:42|INFO|customer-api|job started|request_id=req-5490
2026-06-24T00:06:24|INFO|etl-runner|job completed|request_id=req-4616
2026-06-24T00:04:46|INFO|reporting-worker|disk usage high|request_id=req-8854
2026-06-24T00:08:52|INFO|reporting-worker|job completed|request_id=req-1050
2026-06-24T00:07:45|INFO|etl-runner|disk usage high|request_id=req-7883
2026-06-24T00:01:20|INFO|reporting-worker|disk usage high|request_id=req-3631
2026-06-24T00:03:07|INFO|billing-api|job completed|request_id=req-9414
2026-06-24T00:06:00|INFO|customer-api|file received|request_id=req-7278
2026-06-24T00:11:24|WARN|billing-api|job started|request_id=req-3475
2026-06-24T00:03:40|ERROR|billing-api|database timeout|request_id=req-6441
2026-06-24T00:02:48|INFO|reporting-worker|disk usage high|request_id=req-2433
2026-06-24T00:04:24|WARN|billing-api|unknown customer_id|request_id=req-9237
2026-06-24T00:15:20|INFO|reporting-worker|database timeout|request_id=req-9351
2026-06-24T00:14:24|INFO|etl-runner|retry succeeded|request_id=req-3035
2026-06-24T00:15:50|INFO|customer-api|row validation failed|request_id=req-9073
2026-06-24T00:16:28|WARN|customer-api|unknown customer_id|request_id=req-2673
2026-06-24T00:11:42|INFO|billing-api|disk usage high|request_id=req-8301
2026-06-24T00:16:48|INFO|reporting-worker|job started|request_id=req-1417
2026-06-24T00:08:13|INFO|customer-api|job completed|request_id=req-5361
2026-06-24T00:04:30|INFO|etl-runner|disk usage high|request_id=req-5422
2026-06-24T00:08:16|INFO|customer-api|file received|request_id=req-3782
2026-06-24T00:24:00|ERROR|billing-api|missing input file|request_id=req-7227
2026-06-24T00:05:30|INFO|customer-api|disk usage high|request_id=req-3526
2026-06-24T00:08:30|INFO|reporting-worker|row validation failed|request_id=req-4341
2026-06-24T00:04:05|INFO|etl-runner|unknown customer_id|request_id=req-7313
2026-06-24T00:24:00|INFO|reporting-worker|database timeout|request_id=req-8796
2026-06-24T00:23:26|INFO|customer-api|job completed|request_id=req-4993
2026-06-24T00:07:36|INFO|reporting-worker|job completed|request_id=req-2015
2026-06-24T00:22:45|INFO|etl-runner|job started|request_id=req-3147
2026-06-24T00:25:20|INFO|customer-api|unknown customer_id|request_id=req-6723
2026-06-24T00:25:17|INFO|etl-runner|disk usage high|request_id=req-6422
2026-06-24T00:30:06|INFO|etl-runner|row validation failed|request_id=req-8578
2026-06-24T00:17:12|WARN|etl-runner|row validation failed|request_id=req-3292
2026-06-24T00:08:48|INFO|billing-api|file received|request_id=req-6568
2026-06-24T00:03:45|INFO|customer-api|disk usage high|request_id=req-7353
2026-06-24T00:23:00|ERROR|etl-runner|permission denied|request_id=req-7151
2026-06-24T00:31:20|INFO|billing-api|file received|request_id=req-2435
2026-06-24T00:36:00|INFO|billing-api|retry succeeded|request_id=req-6800
2026-06-24T00:22:52|INFO|etl-runner|disk usage high|request_id=req-8770
2026-06-24T00:20:00|INFO|customer-api|job completed|request_id=req-2770
2026-06-24T00:05:06|ERROR|customer-api|database timeout|request_id=req-9534
2026-06-24T00:26:52|ERROR|etl-runner|row validation failed|request_id=req-8441
2026-06-24T00:15:01|WARN|customer-api|unknown customer_id|request_id=req-7611
2026-06-24T00:05:24|INFO|customer-api|disk usage high|request_id=req-6813
2026-06-24T00:15:35|INFO|etl-runner|unknown customer_id|request_id=req-6492
2026-06-24T00:25:12|INFO|etl-runner|retry succeeded|request_id=req-7788
2026-06-24T00:23:45|INFO|customer-api|disk usage high|request_id=req-8403
2026-06-24T00:18:22|INFO|billing-api|database timeout|request_id=req-3543
2026-06-24T00:06:53|ERROR|customer-api|database timeout|request_id=req-3440
2026-06-24T00:08:00|ERROR|billing-api|row validation failed|request_id=req-9274
2026-06-24T00:10:10|WARN|etl-runner|unknown customer_id|request_id=req-1275
2026-06-24T00:10:20|INFO|reporting-worker|unknown customer_id|request_id=req-8388
2026-06-24T00:18:54|INFO|billing-api|job completed|request_id=req-9469
2026-06-24T00:27:44|INFO|etl-runner|retry succeeded|request_id=req-4307
2026-06-24T00:36:50|INFO|etl-runner|job started|request_id=req-2959
2026-06-24T00:40:42|ERROR|reporting-worker|missing input file|request_id=req-3237
2026-06-24T00:27:55|INFO|reporting-worker|job started|request_id=req-5978
2026-06-24T00:44:12|INFO|billing-api|job started|request_id=req-6441
2026-06-24T00:24:09|INFO|reporting-worker|job started|request_id=req-9721
2026-06-24T00:23:20|WARN|billing-api|file received|request_id=req-2098
2026-06-24T00:34:19|ERROR|customer-api|unknown customer_id|request_id=req-7221
2026-06-24T00:08:24|INFO|reporting-worker|job started|request_id=req-9446
2026-06-24T00:46:14|INFO|billing-api|retry succeeded|request_id=req-1683
2026-06-24T00:27:08|INFO|reporting-worker|file received|request_id=req-9108
2026-06-24T00:16:15|INFO|billing-api|disk usage high|request_id=req-9876
2026-06-24T00:53:12|ERROR|etl-runner|row validation failed|request_id=req-4241
2026-06-24T00:35:56|INFO|billing-api|job completed|request_id=req-2628
2026-06-24T00:06:30|INFO|customer-api|disk usage high|request_id=req-4388
2026-06-24T00:56:37|INFO|etl-runner|unknown customer_id|request_id=req-3103
2026-06-24T00:14:40|ERROR|customer-api|permission denied|request_id=req-6165
2026-06-24T00:13:30|INFO|etl-runner|row validation failed|request_id=req-2517
2026-06-24T00:27:20|INFO|etl-runner|job completed|request_id=req-3522
2026-06-24T00:41:30|ERROR|billing-api|database timeout|request_id=req-5527
2026-06-24T00:08:24|WARN|customer-api|file received|request_id=req-3279
2026-06-24T00:29:45|ERROR|billing-api|database timeout|request_id=req-8104
2026-06-24T00:34:24|INFO|customer-api|job started|request_id=req-7892
2026-06-24T00:44:57|INFO|billing-api|retry succeeded|request_id=req-2180
2026-06-24T00:16:08|INFO|etl-runner|unknown customer_id|request_id=req-8205
2026-06-24T00:17:48|INFO|etl-runner|retry succeeded|request_id=req-4375
2026-06-24T00:27:00|INFO|customer-api|database timeout|request_id=req-7337
2026-06-24T00:12:08|WARN|customer-api|job started|request_id=req-1322
2026-06-24T00:16:52|INFO|customer-api|disk usage high|request_id=req-9434
2026-06-24T00:15:30|INFO|reporting-worker|file received|request_id=req-2629
2026-06-24T00:42:18|WARN|etl-runner|file received|request_id=req-7888
2026-06-24T00:26:55|INFO|etl-runner|database timeout|request_id=req-2523
2026-06-24T01:00:48|WARN|customer-api|file received|request_id=req-8636
2026-06-24T00:11:19|INFO|customer-api|unknown customer_id|request_id=req-7834
2026-06-24T00:19:36|WARN|etl-runner|database timeout|request_id=req-3997
2026-06-24T00:59:24|INFO|customer-api|disk usage high|request_id=req-6426
2026-06-24T00:15:00|INFO|billing-api|retry succeeded|request_id=req-8835
2026-06-24T00:13:28|INFO|billing-api|retry succeeded|request_id=req-3389
2026-06-24T01:09:42|WARN|etl-runner|database timeout|request_id=req-9910
2026-06-24T00:58:22|INFO|reporting-worker|job completed|request_id=req-2916
2026-06-24T00:08:40|INFO|etl-runner|retry succeeded|request_id=req-8616
2026-06-24T00:36:45|INFO|etl-runner|unknown customer_id|request_id=req-1247
2026-06-24T00:37:06|ERROR|reporting-worker|row validation failed|request_id=req-7792
2026-06-24T01:09:33|WARN|billing-api|disk usage high|request_id=req-5567
2026-06-24T01:13:48|INFO|billing-api|file received|request_id=req-7990
2026-06-24T00:12:43|INFO|etl-runner|file received|request_id=req-6019
2026-06-24T00:53:10|WARN|customer-api|unknown customer_id|request_id=req-9061
2026-06-24T01:02:54|INFO|reporting-worker|unknown customer_id|request_id=req-7619
2026-06-24T00:20:32|INFO|customer-api|unknown customer_id|request_id=req-8323
2026-06-24T00:09:25|INFO|etl-runner|retry succeeded|request_id=req-3594
2026-06-24T01:17:54|INFO|billing-api|job started|request_id=req-8543
2026-06-24T01:16:40|INFO|etl-runner|job completed|request_id=req-6585
2026-06-24T00:11:36|INFO|etl-runner|job completed|request_id=req-7500
2026-06-24T00:17:33|ERROR|billing-api|missing input file|request_id=req-7881
2026-06-24T01:02:56|ERROR|billing-api|unknown customer_id|request_id=req-7299
2026-06-24T01:29:15|ERROR|customer-api|missing input file|request_id=req-5971
2026-06-24T00:38:00|INFO|reporting-worker|disk usage high|request_id=req-2431
2026-06-24T01:06:33|WARN|billing-api|job completed|request_id=req-8863
2026-06-24T00:50:50|INFO|customer-api|retry succeeded|request_id=req-7982
2026-06-24T00:49:12|INFO|billing-api|file received|request_id=req-1200
2026-06-24T00:24:48|INFO|etl-runner|database timeout|request_id=req-6724
2026-06-24T01:19:10|INFO|reporting-worker|file received|request_id=req-2925
2026-06-24T00:56:42|WARN|customer-api|database timeout|request_id=req-8939
2026-06-24T01:22:33|WARN|billing-api|file received|request_id=req-4652
2026-06-24T00:14:56|INFO|billing-api|retry succeeded|request_id=req-7947
2026-06-24T00:36:33|ERROR|reporting-worker|unknown customer_id|request_id=req-1764
2026-06-24T00:56:20|WARN|etl-runner|disk usage high|request_id=req-9120
2026-06-24T01:25:09|INFO|etl-runner|job started|request_id=req-2844
2026-06-24T00:11:00|INFO|etl-runner|unknown customer_id|request_id=req-3608
2026-06-24T00:11:05|INFO|etl-runner|disk usage high|request_id=req-3546
2026-06-24T00:40:12|INFO|reporting-worker|row validation failed|request_id=req-2730
2026-06-24T01:32:15|ERROR|etl-runner|unknown customer_id|request_id=req-3808
2026-06-24T00:52:08|INFO|etl-runner|file received|request_id=req-4104
2026-06-24T01:26:46|INFO|reporting-worker|row validation failed|request_id=req-6975
2026-06-24T01:13:36|WARN|billing-api|database timeout|request_id=req-5502
2026-06-24T00:18:32|WARN|reporting-worker|disk usage high|request_id=req-7869
2026-06-24T01:35:40|ERROR|customer-api|database timeout|request_id=req-5626
2026-06-24T01:36:21|INFO|etl-runner|row validation failed|request_id=req-1942
2026-06-24T01:29:56|INFO|billing-api|file received|request_id=req-3848
2026-06-24T00:52:26|INFO|etl-runner|job completed|request_id=req-1163
2026-06-24T01:07:12|INFO|customer-api|retry succeeded|request_id=req-6534
2026-06-24T01:48:45|INFO|reporting-worker|row validation failed|request_id=req-5596
2026-06-24T00:43:48|INFO|customer-api|unknown customer_id|request_id=req-8830
2026-06-24T00:22:03|INFO|etl-runner|unknown customer_id|request_id=req-1038
2026-06-24T00:12:20|INFO|billing-api|unknown customer_id|request_id=req-2462
2026-06-24T00:57:07|INFO|billing-api|retry succeeded|request_id=req-3108
2026-06-24T01:52:30|WARN|etl-runner|file received|request_id=req-7521
2026-06-24T00:25:10|INFO|customer-api|database timeout|request_id=req-5056
2026-06-24T00:12:40|INFO|etl-runner|job started|request_id=req-2407
2026-06-24T01:34:21|INFO|reporting-worker|unknown customer_id|request_id=req-2496
2026-06-24T01:06:44|INFO|etl-runner|job started|request_id=req-4382
2026-06-24T01:17:30|INFO|customer-api|disk usage high|request_id=req-6563
2026-06-24T00:23:24|INFO|reporting-worker|file received|request_id=req-3588
2026-06-24T01:49:54|INFO|etl-runner|job completed|request_id=req-2965
2026-06-24T01:55:52|INFO|reporting-worker|row validation failed|request_id=req-8448
2026-06-24T01:03:36|INFO|reporting-worker|job started|request_id=req-9249
2026-06-24T01:06:40|INFO|etl-runner|database timeout|request_id=req-5582
2026-06-24T01:17:49|INFO|etl-runner|file received|request_id=req-2623
2026-06-24T00:27:00|INFO|customer-api|job started|request_id=req-4233
2026-06-24T01:40:31|INFO|etl-runner|disk usage high|request_id=req-2363
2026-06-24T00:16:24|INFO|etl-runner|retry succeeded|request_id=req-1212
2026-06-24T01:03:15|INFO|customer-api|job started|request_id=req-5786
2026-06-24T01:50:40|INFO|billing-api|unknown customer_id|request_id=req-3133
2026-06-24T01:54:07|INFO|reporting-worker|retry succeeded|request_id=req-3673
2026-06-24T00:53:12|ERROR|reporting-worker|row validation failed|request_id=req-7901
2026-06-24T01:10:25|WARN|etl-runner|database timeout|request_id=req-6670
2026-06-24T01:36:20|INFO|billing-api|disk usage high|request_id=req-5851
2026-06-24T00:42:45|INFO|etl-runner|job started|request_id=req-6873
2026-06-24T00:48:44|WARN|etl-runner|row validation failed|request_id=req-7187
2026-06-24T00:23:04|ERROR|billing-api|row validation failed|request_id=req-4721
2026-06-24T00:55:06|ERROR|billing-api|database timeout|request_id=req-8735
2026-06-24T01:50:50|INFO|reporting-worker|row validation failed|request_id=req-3629
2026-06-24T01:45:36|INFO|customer-api|unknown customer_id|request_id=req-8813
2026-06-24T00:35:24|INFO|reporting-worker|job completed|request_id=req-8680
2026-06-24T00:38:34|INFO|reporting-worker|unknown customer_id|request_id=req-3547
2026-06-24T01:56:21|INFO|customer-api|job completed|request_id=req-3774
2026-06-24T00:27:00|INFO|reporting-worker|job started|request_id=req-8943
2026-06-24T00:42:14|INFO|billing-api|database timeout|request_id=req-8904
2026-06-24T01:15:50|INFO|billing-api|row validation failed|request_id=req-9173
2026-06-24T00:21:21|INFO|billing-api|unknown customer_id|request_id=req-4013
2026-06-24T01:53:28|INFO|etl-runner|file received|request_id=req-1063
2026-06-24T02:12:35|WARN|reporting-worker|database timeout|request_id=req-3054
2026-06-24T01:29:54|INFO|billing-api|job started|request_id=req-4472
2026-06-24T00:40:31|INFO|billing-api|unknown customer_id|request_id=req-1132
2026-06-24T00:34:28|INFO|customer-api|database timeout|request_id=req-9209
2026-06-24T01:53:24|INFO|reporting-worker|unknown customer_id|request_id=req-6996
2026-06-24T01:09:40|INFO|etl-runner|job completed|request_id=req-8924
2026-06-24T01:38:41|WARN|customer-api|job started|request_id=req-6196
2026-06-24T02:20:48|INFO|reporting-worker|row validation failed|request_id=req-4709
2026-06-24T01:49:22|WARN|billing-api|disk usage high|request_id=req-5689
2026-06-24T01:40:14|ERROR|reporting-worker|row validation failed|request_id=req-1545
2026-06-24T01:34:15|INFO|etl-runner|unknown customer_id|request_id=req-2922
2026-06-24T00:42:28|INFO|billing-api|file received|request_id=req-9451
2026-06-24T00:36:07|INFO|customer-api|unknown customer_id|request_id=req-8660
2026-06-24T01:09:18|WARN|etl-runner|job completed|request_id=req-3963
2026-06-24T01:22:55|INFO|billing-api|job completed|request_id=req-3306
2026-06-24T01:10:00|INFO|billing-api|job started|request_id=req-5376
2026-06-24T00:30:09|WARN|billing-api|unknown customer_id|request_id=req-6745
2026-06-24T02:07:56|INFO|billing-api|unknown customer_id|request_id=req-3541
2026-06-24T00:23:41|ERROR|etl-runner|database timeout|request_id=req-7218
2026-06-24T00:34:00|INFO|customer-api|job started|request_id=req-8147
2026-06-24T02:23:30|INFO|customer-api|job completed|request_id=req-7895
2026-06-24T01:08:40|INFO|reporting-worker|database timeout|request_id=req-2546
2026-06-24T00:34:30|INFO|billing-api|unknown customer_id|request_id=req-2908
2026-06-24T02:36:00|INFO|customer-api|disk usage high|request_id=req-6898
2026-06-24T00:48:46|INFO|etl-runner|job started|request_id=req-4066
2026-06-24T00:28:00|INFO|customer-api|unknown customer_id|request_id=req-7576
2026-06-24T01:41:59|INFO|billing-api|row validation failed|request_id=req-4514
2026-06-24T00:35:20|INFO|billing-api|database timeout|request_id=req-5192
2026-06-24T02:14:54|INFO|etl-runner|unknown customer_id|request_id=req-2912
2026-06-24T00:39:14|INFO|customer-api|unknown customer_id|request_id=req-6083
2026-06-24T02:01:50|WARN|etl-runner|retry succeeded|request_id=req-9873
2026-06-24T01:30:00|INFO|reporting-worker|database timeout|request_id=req-7291
2026-06-24T02:17:26|INFO|reporting-worker|file received|request_id=req-4687
2026-06-24T00:36:20|INFO|reporting-worker|job started|request_id=req-7017
2026-06-24T01:16:39|INFO|customer-api|disk usage high|request_id=req-7467
2026-06-24T02:37:40|INFO|etl-runner|job started|request_id=req-3332
2026-06-24T02:05:14|INFO|billing-api|disk usage high|request_id=req-8277
2026-06-24T02:24:18|INFO|etl-runner|retry succeeded|request_id=req-9240
2026-06-24T01:47:47|INFO|billing-api|unknown customer_id|request_id=req-9302
2026-06-24T01:03:28|WARN|reporting-worker|disk usage high|request_id=req-8112
2026-06-24T02:22:30|INFO|reporting-worker|disk usage high|request_id=req-7799
2026-06-24T01:22:52|INFO|billing-api|unknown customer_id|request_id=req-2630
2026-06-24T02:23:46|INFO|billing-api|retry succeeded|request_id=req-7683
2026-06-24T00:38:00|INFO|reporting-worker|database timeout|request_id=req-2565
2026-06-24T00:30:32|INFO|reporting-worker|disk usage high|request_id=req-9713
2026-06-24T01:05:10|INFO|customer-api|file received|request_id=req-2881
2026-06-24T00:42:21|WARN|etl-runner|job completed|request_id=req-5399
2026-06-24T00:42:32|WARN|customer-api|disk usage high|request_id=req-3645
2026-06-24T00:34:57|INFO|etl-runner|database timeout|request_id=req-6158
2026-06-24T02:28:12|INFO|etl-runner|job completed|request_id=req-8332
2026-06-24T00:35:15|INFO|billing-api|retry succeeded|request_id=req-6238
2026-06-24T02:05:52|INFO|reporting-worker|disk usage high|request_id=req-8615
2026-06-24T01:54:33|INFO|billing-api|unknown customer_id|request_id=req-8051
2026-06-24T00:59:30|INFO|reporting-worker|unknown customer_id|request_id=req-5879
2026-06-24T02:55:16|INFO|reporting-worker|row validation failed|request_id=req-8214
2026-06-24T01:36:00|INFO|billing-api|job completed|request_id=req-7199
2026-06-24T02:28:37|WARN|etl-runner|row validation failed|request_id=req-9909
2026-06-24T00:24:12|INFO|billing-api|unknown customer_id|request_id=req-7935
2026-06-24T00:28:21|INFO|reporting-worker|retry succeeded|request_id=req-8189
2026-06-24T02:38:36|ERROR|billing-api|missing input file|request_id=req-3805
2026-06-24T01:01:15|INFO|billing-api|unknown customer_id|request_id=req-6023
2026-06-24T02:11:12|INFO|billing-api|row validation failed|request_id=req-5295
2026-06-24T01:38:48|WARN|billing-api|retry succeeded|request_id=req-9853
2026-06-24T03:06:00|INFO|reporting-worker|unknown customer_id|request_id=req-7217
2026-06-24T02:46:00|INFO|reporting-worker|job started|request_id=req-4687
2026-06-24T01:19:10|INFO|customer-api|disk usage high|request_id=req-3951
2026-06-24T00:54:23|INFO|customer-api|database timeout|request_id=req-6486
2026-06-24T02:43:48|ERROR|etl-runner|permission denied|request_id=req-9051
2026-06-24T01:11:41|INFO|customer-api|row validation failed|request_id=req-1933
2026-06-24T02:19:42|WARN|reporting-worker|row validation failed|request_id=req-9010
2026-06-24T00:29:45|INFO|customer-api|file received|request_id=req-2252
2026-06-24T01:38:08|INFO|etl-runner|retry succeeded|request_id=req-6704
2026-06-24T00:34:16|INFO|customer-api|database timeout|request_id=req-6357
2026-06-24T01:08:48|INFO|customer-api|file received|request_id=req-4835
2026-06-24T02:18:08|INFO|etl-runner|row validation failed|request_id=req-9678
2026-06-24T01:48:20|INFO|reporting-worker|row validation failed|request_id=req-4079
2026-06-24T02:32:15|INFO|etl-runner|row validation failed|request_id=req-9580
2026-06-24T01:36:04|INFO|reporting-worker|job completed|request_id=req-5772
2026-06-24T01:27:40|INFO|billing-api|file received|request_id=req-3600
2026-06-24T02:25:12|ERROR|customer-api|missing input file|request_id=req-9934
2026-06-24T01:28:20|ERROR|billing-api|database timeout|request_id=req-3109
2026-06-24T02:39:36|INFO|customer-api|disk usage high|request_id=req-9262
2026-06-24T02:04:36|INFO|reporting-worker|job started|request_id=req-3116
2026-06-24T03:12:04|INFO|customer-api|retry succeeded|request_id=req-9692
2026-06-24T00:35:52|INFO|billing-api|job started|request_id=req-6273
2026-06-24T03:09:00|INFO|reporting-worker|database timeout|request_id=req-7191
2026-06-24T01:48:24|INFO|etl-runner|retry succeeded|request_id=req-9622
2026-06-24T01:12:32|WARN|billing-api|database timeout|request_id=req-4044
2026-06-24T01:44:39|INFO|etl-runner|database timeout|request_id=req-2975
2026-06-24T01:45:02|INFO|billing-api|row validation failed|request_id=req-7737
2026-06-24T00:55:00|INFO|billing-api|unknown customer_id|request_id=req-1474
2026-06-24T02:54:48|INFO|reporting-worker|job started|request_id=req-5667
2026-06-24T02:46:12|INFO|billing-api|job started|request_id=req-6661
2026-06-24T02:37:32|ERROR|etl-runner|row validation failed|request_id=req-3740
2026-06-24T00:41:51|INFO|billing-api|row validation failed|request_id=req-9618
2026-06-24T02:48:00|INFO|customer-api|disk usage high|request_id=req-4444
2026-06-24T03:12:01|INFO|billing-api|job started|request_id=req-7886
2026-06-24T03:31:30|INFO|billing-api|retry succeeded|request_id=req-7596
2026-06-24T01:29:37|INFO|customer-api|job completed|request_id=req-9368
2026-06-24T02:22:00|INFO|customer-api|job completed|request_id=req-3353
2026-06-24T03:00:30|ERROR|customer-api|database timeout|request_id=req-7040
2026-06-24T00:42:54|INFO|customer-api|retry succeeded|request_id=req-2277
2026-06-24T03:25:41|INFO|etl-runner|job started|request_id=req-8291
2026-06-24T02:38:24|INFO|billing-api|retry succeeded|request_id=req-4571
2026-06-24T02:48:35|INFO|customer-api|retry succeeded|request_id=req-9798
2026-06-24T03:13:20|INFO|etl-runner|unknown customer_id|request_id=req-4660
2026-06-24T02:35:12|INFO|etl-runner|row validation failed|request_id=req-1391
2026-06-24T00:24:20|INFO|etl-runner|job completed|request_id=req-2766
2026-06-24T00:43:57|INFO|customer-api|database timeout|request_id=req-1799
2026-06-24T00:53:54|ERROR|customer-api|unknown customer_id|request_id=req-6521
2026-06-24T01:08:50|INFO|reporting-worker|job started|request_id=req-9755
2026-06-24T00:24:40|INFO|billing-api|database timeout|request_id=req-7947
2026-06-24T00:34:39|INFO|etl-runner|row validation failed|request_id=req-5284
2026-06-24T00:49:40|INFO|etl-runner|unknown customer_id|request_id=req-3479
2026-06-24T00:34:53|INFO|customer-api|retry succeeded|request_id=req-3910
2026-06-24T00:40:00|WARN|etl-runner|retry succeeded|request_id=req-8008
2026-06-24T00:30:06|INFO|etl-runner|retry succeeded|request_id=req-6586
2026-06-24T01:00:24|INFO|etl-runner|row validation failed|request_id=req-2082
2026-06-24T03:22:00|INFO|reporting-worker|unknown customer_id|request_id=req-9355
2026-06-24T01:00:48|INFO|reporting-worker|file received|request_id=req-4680
2026-06-24T00:40:40|INFO|customer-api|file received|request_id=req-5649
2026-06-24T01:06:18|INFO|reporting-worker|job started|request_id=req-1295
2026-06-24T02:59:05|INFO|etl-runner|unknown customer_id|request_id=req-2420
2026-06-24T01:27:16|ERROR|etl-runner|database timeout|request_id=req-9765
2026-06-24T03:31:09|INFO|customer-api|row validation failed|request_id=req-9178
2026-06-24T02:50:30|INFO|reporting-worker|disk usage high|request_id=req-2481
2026-06-24T01:22:56|INFO|reporting-worker|unknown customer_id|request_id=req-1350
2026-06-24T02:30:48|WARN|customer-api|job completed|request_id=req-7293
2026-06-24T03:07:48|WARN|etl-runner|job completed|request_id=req-6635
2026-06-24T01:02:48|INFO|billing-api|retry succeeded|request_id=req-1445
2026-06-24T00:52:30|INFO|reporting-worker|database timeout|request_id=req-7269
2026-06-24T02:43:16|WARN|etl-runner|database timeout|request_id=req-9272
2026-06-24T01:03:24|WARN|customer-api|job completed|request_id=req-7672
2026-06-24T00:58:18|ERROR|billing-api|database timeout|request_id=req-6175
2026-06-24T01:14:26|WARN|customer-api|disk usage high|request_id=req-9905
2026-06-24T03:54:40|INFO|billing-api|file received|request_id=req-6141
2026-06-24T02:40:30|WARN|reporting-worker|file received|request_id=req-4888
2026-06-24T02:57:06|INFO|billing-api|row validation failed|request_id=req-6871
2026-06-24T03:56:52|INFO|billing-api|job started|request_id=req-2279
2026-06-24T01:26:24|INFO|customer-api|database timeout|request_id=req-8058
2026-06-24T03:58:20|INFO|reporting-worker|database timeout|request_id=req-8050
2026-06-24T01:48:40|WARN|etl-runner|row validation failed|request_id=req-3235
2026-06-24T02:54:24|INFO|etl-runner|job started|request_id=req-7036
2026-06-24T01:32:56|INFO|billing-api|unknown customer_id|request_id=req-9859
2026-06-24T01:55:09|INFO|billing-api|disk usage high|request_id=req-3724
2026-06-24T02:28:30|ERROR|reporting-worker|database timeout|request_id=req-5988
2026-06-24T02:39:59|INFO|billing-api|job completed|request_id=req-6600
2026-06-24T00:33:12|INFO|etl-runner|disk usage high|request_id=req-2112
2026-06-24T03:30:54|INFO|billing-api|unknown customer_id|request_id=req-6881
2026-06-24T03:37:06|ERROR|billing-api|database timeout|request_id=req-3255
2026-06-24T00:50:15|ERROR|customer-api|database timeout|request_id=req-3917
2026-06-24T04:12:00|INFO|reporting-worker|file received|request_id=req-7461
2026-06-24T01:35:29|ERROR|customer-api|permission denied|request_id=req-6823
2026-06-24T02:26:28|INFO|billing-api|retry succeeded|request_id=req-8830
2026-06-24T02:32:33|INFO|reporting-worker|job started|request_id=req-6891
2026-06-24T00:56:40|INFO|reporting-worker|disk usage high|request_id=req-1158
2026-06-24T03:35:58|INFO|etl-runner|row validation failed|request_id=req-6196
2026-06-24T00:45:36|INFO|etl-runner|job completed|request_id=req-3078
2026-06-24T03:02:56|INFO|billing-api|disk usage high|request_id=req-3726
2026-06-24T03:37:52|ERROR|etl-runner|unknown customer_id|request_id=req-6630
2026-06-24T00:34:30|INFO|customer-api|file received|request_id=req-7445
2026-06-24T02:01:06|WARN|billing-api|row validation failed|request_id=req-5130
2026-06-24T04:08:41|WARN|billing-api|job started|request_id=req-9657
2026-06-24T04:15:12|INFO|reporting-worker|database timeout|request_id=req-5453
2026-06-24T02:19:36|WARN|reporting-worker|file received|request_id=req-4269
