2026-06-25T00:00:00|INFO|billing-api|file received|request_id=req25-4976
2026-06-25T00:00:38|ERROR|customer-api|row validation failed|request_id=req25-3177
2026-06-25T00:01:28|INFO|etl-runner|job started|request_id=req25-2810
2026-06-25T00:02:03|WARN|reporting-worker|heartbeat ok|request_id=req25-1458
2026-06-25T00:01:20|ERROR|customer-api|database timeout|request_id=req25-3607
2026-06-25T00:03:25|INFO|customer-api|job started|request_id=req25-2169
2026-06-25T00:01:06|ERROR|billing-api|missing input file|request_id=req25-3991
2026-06-25T00:03:02|INFO|customer-api|heartbeat ok|request_id=req25-8103
2026-06-25T00:05:28|INFO|billing-api|file received|request_id=req25-5775
2026-06-25T00:04:21|WARN|reporting-worker|job started|request_id=req25-3755
2026-06-25T00:04:50|WARN|customer-api|job completed|request_id=req25-3430
2026-06-25T00:09:10|INFO|reporting-worker|retry succeeded|request_id=req25-1350
2026-06-25T00:02:00|WARN|billing-api|file received|request_id=req25-9508
2026-06-25T00:12:47|WARN|etl-runner|file received|request_id=req25-5655
2026-06-25T00:07:00|INFO|customer-api|retry succeeded|request_id=req25-4801
2026-06-25T00:08:00|WARN|reporting-worker|job started|request_id=req25-6230
2026-06-25T00:08:16|INFO|etl-runner|job started|request_id=req25-6622
2026-06-25T00:05:57|INFO|reporting-worker|retry succeeded|request_id=req25-8299
2026-06-25T00:11:42|INFO|customer-api|job started|request_id=req25-6596
2026-06-25T00:09:30|INFO|billing-api|file received|request_id=req25-4418
2026-06-25T00:05:40|INFO|etl-runner|file received|request_id=req25-3983
2026-06-25T00:04:33|INFO|reporting-worker|job completed|request_id=req25-6094
2026-06-25T00:16:08|ERROR|reporting-worker|permission denied|request_id=req25-6487
2026-06-25T00:07:40|ERROR|reporting-worker|missing input file|request_id=req25-2667
2026-06-25T00:19:12|INFO|etl-runner|job completed|request_id=req25-1302
2026-06-25T00:20:00|INFO|billing-api|file received|request_id=req25-6959
2026-06-25T00:16:28|INFO|etl-runner|retry succeeded|request_id=req25-4900
2026-06-25T00:07:12|INFO|customer-api|file received|request_id=req25-4417
2026-06-25T00:09:48|ERROR|billing-api|database timeout|request_id=req25-7887
2026-06-25T00:16:26|INFO|reporting-worker|retry succeeded|request_id=req25-5774
2026-06-25T00:05:30|INFO|customer-api|job started|request_id=req25-7543
2026-06-25T00:14:28|ERROR|etl-runner|missing input file|request_id=req25-8162
2026-06-25T00:30:56|INFO|etl-runner|job started|request_id=req25-9889
2026-06-25T00:29:09|WARN|etl-runner|job completed|request_id=req25-5346
2026-06-25T00:08:30|WARN|reporting-worker|retry succeeded|request_id=req25-5330
2026-06-25T00:25:05|WARN|customer-api|job completed|request_id=req25-5049
2026-06-25T00:27:00|INFO|reporting-worker|job started|request_id=req25-4894
2026-06-25T00:11:43|WARN|billing-api|heartbeat ok|request_id=req25-9929
2026-06-25T00:34:50|INFO|billing-api|job started|request_id=req25-4104
2026-06-25T00:35:45|WARN|reporting-worker|heartbeat ok|request_id=req25-2269
2026-06-25T00:20:00|INFO|billing-api|job completed|request_id=req25-9341
2026-06-25T00:40:19|INFO|reporting-worker|heartbeat ok|request_id=req25-7355
2026-06-25T00:16:48|INFO|etl-runner|job completed|request_id=req25-6593
2026-06-25T00:07:10|INFO|etl-runner|file received|request_id=req25-2683
2026-06-25T00:19:48|INFO|billing-api|heartbeat ok|request_id=req25-8318
2026-06-25T00:24:45|WARN|customer-api|job completed|request_id=req25-3016
2026-06-25T00:31:26|INFO|reporting-worker|heartbeat ok|request_id=req25-5927
2026-06-25T00:07:50|INFO|etl-runner|file received|request_id=req25-2933
2026-06-25T00:24:48|ERROR|billing-api|unknown customer_id|request_id=req25-5273
2026-06-25T00:32:40|INFO|customer-api|heartbeat ok|request_id=req25-6841
2026-06-25T00:42:30|INFO|reporting-worker|retry succeeded|request_id=req25-3810
2026-06-25T00:24:39|INFO|customer-api|retry succeeded|request_id=req25-5592
2026-06-25T00:18:12|INFO|billing-api|heartbeat ok|request_id=req25-2564
2026-06-25T00:25:37|WARN|reporting-worker|heartbeat ok|request_id=req25-9361
2026-06-25T00:53:06|INFO|reporting-worker|file received|request_id=req25-5490
2026-06-25T00:43:05|INFO|reporting-worker|retry succeeded|request_id=req25-8478
2026-06-25T00:46:40|INFO|reporting-worker|file received|request_id=req25-4984
2026-06-25T00:14:15|ERROR|etl-runner|permission denied|request_id=req25-6017
2026-06-25T00:15:28|INFO|etl-runner|file received|request_id=req25-4906
2026-06-25T00:44:15|ERROR|billing-api|row validation failed|request_id=req25-9089
2026-06-25T00:39:00|INFO|customer-api|job started|request_id=req25-3927
2026-06-25T00:35:35|WARN|customer-api|file received|request_id=req25-1783
2026-06-25T00:55:48|INFO|reporting-worker|job started|request_id=req25-3989
2026-06-25T00:36:45|ERROR|customer-api|permission denied|request_id=req25-5300
2026-06-25T00:45:52|WARN|etl-runner|retry succeeded|request_id=req25-3381
2026-06-25T00:40:05|INFO|customer-api|job started|request_id=req25-5593
2026-06-25T00:57:12|INFO|customer-api|retry succeeded|request_id=req25-1123
2026-06-25T00:29:02|WARN|etl-runner|file received|request_id=req25-3189
2026-06-25T00:38:32|WARN|etl-runner|heartbeat ok|request_id=req25-3624
2026-06-25T00:11:30|INFO|billing-api|job completed|request_id=req25-9398
2026-06-25T00:51:20|INFO|customer-api|job completed|request_id=req25-6924
2026-06-25T01:05:05|ERROR|reporting-worker|permission denied|request_id=req25-5095
2026-06-25T00:33:36|ERROR|reporting-worker|missing input file|request_id=req25-7675
2026-06-25T00:12:10|INFO|etl-runner|heartbeat ok|request_id=req25-6723
2026-06-25T01:09:04|INFO|billing-api|heartbeat ok|request_id=req25-7855
2026-06-25T00:38:45|INFO|customer-api|job completed|request_id=req25-9502
2026-06-25T00:40:32|INFO|customer-api|retry succeeded|request_id=req25-1458
2026-06-25T01:01:36|INFO|reporting-worker|job started|request_id=req25-9138
2026-06-25T00:13:00|INFO|billing-api|retry succeeded|request_id=req25-7185
2026-06-25T01:07:09|INFO|etl-runner|heartbeat ok|request_id=req25-5009
2026-06-25T00:18:40|INFO|billing-api|heartbeat ok|request_id=req25-3624
2026-06-25T00:33:45|WARN|etl-runner|file received|request_id=req25-1040
2026-06-25T01:15:10|INFO|reporting-worker|job completed|request_id=req25-2043
2026-06-25T00:56:43|INFO|etl-runner|job completed|request_id=req25-6349
2026-06-25T01:18:24|INFO|customer-api|retry succeeded|request_id=req25-3509
2026-06-25T00:43:55|ERROR|reporting-worker|unknown customer_id|request_id=req25-8473
2026-06-25T00:32:58|INFO|customer-api|job completed|request_id=req25-6135
2026-06-25T01:05:15|INFO|etl-runner|file received|request_id=req25-3215
2026-06-25T01:28:00|WARN|customer-api|retry succeeded|request_id=req25-9138
2026-06-25T01:26:02|ERROR|reporting-worker|database timeout|request_id=req25-2719
2026-06-25T01:13:30|ERROR|billing-api|row validation failed|request_id=req25-3337
2026-06-25T01:02:11|INFO|billing-api|file received|request_id=req25-9183
2026-06-25T01:02:52|WARN|reporting-worker|file received|request_id=req25-4990
2026-06-25T01:22:09|INFO|etl-runner|file received|request_id=req25-1611
2026-06-25T00:18:48|WARN|billing-api|job completed|request_id=req25-6727
2026-06-25T00:15:50|INFO|reporting-worker|file received|request_id=req25-5087
2026-06-25T01:15:12|WARN|etl-runner|file received|request_id=req25-6915
2026-06-25T00:30:43|INFO|etl-runner|job started|request_id=req25-3720
2026-06-25T01:05:20|INFO|reporting-worker|job completed|request_id=req25-2170
2026-06-25T00:33:00|ERROR|customer-api|database timeout|request_id=req25-1354
2026-06-25T01:18:20|INFO|billing-api|heartbeat ok|request_id=req25-8901
2026-06-25T01:29:13|INFO|etl-runner|job completed|request_id=req25-3571
2026-06-25T00:18:42|INFO|reporting-worker|file received|request_id=req25-3104
2026-06-25T00:29:11|ERROR|billing-api|database timeout|request_id=req25-1722
2026-06-25T01:07:36|INFO|etl-runner|heartbeat ok|request_id=req25-8371
2026-06-25T01:38:00|INFO|reporting-worker|retry succeeded|request_id=req25-3747
2026-06-25T01:07:08|INFO|billing-api|file received|request_id=req25-5681
2026-06-25T01:02:25|INFO|billing-api|file received|request_id=req25-5300
2026-06-25T01:21:00|INFO|reporting-worker|job completed|request_id=req25-3504
2026-06-25T01:03:35|ERROR|etl-runner|permission denied|request_id=req25-7478
2026-06-25T01:39:00|ERROR|customer-api|database timeout|request_id=req25-3064
2026-06-25T01:39:54|INFO|reporting-worker|file received|request_id=req25-2659
2026-06-25T00:56:00|WARN|billing-api|retry succeeded|request_id=req25-3459
2026-06-25T00:41:26|ERROR|customer-api|missing input file|request_id=req25-6119
2026-06-25T00:36:06|INFO|customer-api|retry succeeded|request_id=req25-6040
2026-06-25T00:46:00|INFO|customer-api|job completed|request_id=req25-5980
2026-06-25T00:58:00|INFO|billing-api|file received|request_id=req25-9291
2026-06-25T01:45:18|INFO|customer-api|retry succeeded|request_id=req25-5667
2026-06-25T01:02:56|INFO|billing-api|heartbeat ok|request_id=req25-7502
2026-06-25T00:27:46|WARN|reporting-worker|retry succeeded|request_id=req25-5530
2026-06-25T01:32:00|WARN|etl-runner|job completed|request_id=req25-5089
2026-06-25T00:38:19|INFO|etl-runner|job completed|request_id=req25-1552
2026-06-25T00:46:46|INFO|etl-runner|retry succeeded|request_id=req25-3491
2026-06-25T01:13:48|WARN|billing-api|heartbeat ok|request_id=req25-8153
2026-06-25T00:51:40|INFO|etl-runner|file received|request_id=req25-5390
2026-06-25T00:39:35|ERROR|billing-api|unknown customer_id|request_id=req25-6228
2026-06-25T00:44:06|ERROR|reporting-worker|missing input file|request_id=req25-5345
2026-06-25T01:09:51|INFO|etl-runner|heartbeat ok|request_id=req25-6845
2026-06-25T01:21:04|INFO|customer-api|job started|request_id=req25-1873
2026-06-25T01:10:57|WARN|reporting-worker|retry succeeded|request_id=req25-3404
2026-06-25T00:39:00|INFO|customer-api|job completed|request_id=req25-7893
2026-06-25T00:43:40|INFO|billing-api|heartbeat ok|request_id=req25-2624
2026-06-25T01:47:48|WARN|billing-api|heartbeat ok|request_id=req25-8714
2026-06-25T01:53:03|INFO|billing-api|job completed|request_id=req25-6133
2026-06-25T01:27:06|INFO|billing-api|file received|request_id=req25-1620
2026-06-25T00:47:15|WARN|reporting-worker|job started|request_id=req25-1905
2026-06-25T01:51:04|INFO|etl-runner|heartbeat ok|request_id=req25-2995
2026-06-25T02:03:18|INFO|reporting-worker|job completed|request_id=req25-9857
2026-06-25T00:27:36|INFO|reporting-worker|job started|request_id=req25-5744
2026-06-25T01:02:33|WARN|reporting-worker|job completed|request_id=req25-7636
2026-06-25T01:38:00|INFO|billing-api|heartbeat ok|request_id=req25-6279
2026-06-25T00:25:51|INFO|reporting-worker|heartbeat ok|request_id=req25-4398
2026-06-25T02:03:04|INFO|etl-runner|heartbeat ok|request_id=req25-6925
2026-06-25T00:54:49|INFO|etl-runner|job completed|request_id=req25-1606
2026-06-25T01:50:24|INFO|billing-api|file received|request_id=req25-5231
2026-06-25T00:53:10|INFO|billing-api|heartbeat ok|request_id=req25-8036
2026-06-25T01:32:28|INFO|reporting-worker|job started|request_id=req25-9590
2026-06-25T02:19:39|INFO|billing-api|job started|request_id=req25-1949
2026-06-25T00:54:16|INFO|reporting-worker|job completed|request_id=req25-2956
2026-06-25T01:07:03|INFO|reporting-worker|file received|request_id=req25-8625
2026-06-25T02:00:00|INFO|etl-runner|heartbeat ok|request_id=req25-6984
2026-06-25T00:50:20|INFO|billing-api|job completed|request_id=req25-8751
2026-06-25T02:06:40|WARN|billing-api|job completed|request_id=req25-7806
2026-06-25T01:03:45|INFO|etl-runner|job completed|request_id=req25-6326
2026-06-25T02:21:10|INFO|customer-api|heartbeat ok|request_id=req25-9150
2026-06-25T00:51:40|INFO|reporting-worker|heartbeat ok|request_id=req25-9672
2026-06-25T01:10:12|INFO|reporting-worker|file received|request_id=req25-6408
2026-06-25T00:39:15|INFO|reporting-worker|file received|request_id=req25-1037
2026-06-25T02:38:00|WARN|etl-runner|file received|request_id=req25-5225
2026-06-25T01:30:06|ERROR|reporting-worker|unknown customer_id|request_id=req25-6107
2026-06-25T00:53:20|INFO|etl-runner|file received|request_id=req25-3018
2026-06-25T01:04:24|WARN|billing-api|job completed|request_id=req25-3880
2026-06-25T02:12:18|WARN|customer-api|job completed|request_id=req25-6259
2026-06-25T01:24:13|INFO|customer-api|job completed|request_id=req25-9976
2026-06-25T01:24:44|WARN|reporting-worker|job started|request_id=req25-2225
2026-06-25T00:35:45|INFO|customer-api|job completed|request_id=req25-1510
2026-06-25T02:15:34|INFO|billing-api|file received|request_id=req25-1897
2026-06-25T01:09:35|WARN|reporting-worker|job completed|request_id=req25-8686
2026-06-25T00:50:24|INFO|customer-api|job completed|request_id=req25-5084
2026-06-25T00:30:59|INFO|billing-api|retry succeeded|request_id=req25-8689
2026-06-25T00:56:40|INFO|reporting-worker|heartbeat ok|request_id=req25-4266
2026-06-25T02:28:12|INFO|etl-runner|heartbeat ok|request_id=req25-6725
2026-06-25T00:37:16|INFO|etl-runner|heartbeat ok|request_id=req25-1817
2026-06-25T02:06:52|INFO|etl-runner|job started|request_id=req25-1670
2026-06-25T01:21:12|INFO|customer-api|heartbeat ok|request_id=req25-5918
2026-06-25T00:32:05|INFO|reporting-worker|retry succeeded|request_id=req25-7557
2026-06-25T01:42:40|WARN|customer-api|retry succeeded|request_id=req25-6130
2026-06-25T01:01:57|INFO|reporting-worker|file received|request_id=req25-8076
2026-06-25T01:34:56|INFO|reporting-worker|job started|request_id=req25-4542
2026-06-25T00:35:48|ERROR|billing-api|missing input file|request_id=req25-7288
2026-06-25T01:12:00|INFO|customer-api|file received|request_id=req25-1239
2026-06-25T02:42:54|ERROR|reporting-worker|missing input file|request_id=req25-8283
2026-06-25T02:49:52|INFO|reporting-worker|retry succeeded|request_id=req25-9528
2026-06-25T00:39:39|INFO|billing-api|job started|request_id=req25-7746
2026-06-25T01:07:28|WARN|customer-api|heartbeat ok|request_id=req25-9093
2026-06-25T00:52:25|INFO|customer-api|retry succeeded|request_id=req25-7578
2026-06-25T02:38:06|INFO|billing-api|job completed|request_id=req25-2057
2026-06-25T00:59:13|ERROR|billing-api|row validation failed|request_id=req25-5349
2026-06-25T02:02:12|WARN|etl-runner|heartbeat ok|request_id=req25-9863
2026-06-25T01:21:54|INFO|reporting-worker|retry succeeded|request_id=req25-6722
2026-06-25T02:41:30|INFO|reporting-worker|heartbeat ok|request_id=req25-9875
2026-06-25T02:48:43|INFO|etl-runner|file received|request_id=req25-6163
2026-06-25T01:07:12|INFO|billing-api|heartbeat ok|request_id=req25-9770
2026-06-25T01:52:35|WARN|reporting-worker|file received|request_id=req25-5417
2026-06-25T03:01:04|INFO|billing-api|heartbeat ok|request_id=req25-2061
2026-06-25T02:58:45|INFO|billing-api|job completed|request_id=req25-1025
2026-06-25T03:02:56|INFO|billing-api|file received|request_id=req25-2897
2026-06-25T01:41:47|INFO|billing-api|retry succeeded|request_id=req25-5442
2026-06-25T01:02:42|INFO|customer-api|heartbeat ok|request_id=req25-1505
2026-06-25T00:59:42|INFO|etl-runner|job completed|request_id=req25-9872
2026-06-25T02:50:00|WARN|etl-runner|file received|request_id=req25-2214
2026-06-25T02:34:06|INFO|etl-runner|job started|request_id=req25-5225
2026-06-25T03:11:54|INFO|customer-api|job completed|request_id=req25-1087
2026-06-25T02:08:34|INFO|billing-api|file received|request_id=req25-3299
2026-06-25T00:54:24|INFO|etl-runner|retry succeeded|request_id=req25-2319
2026-06-25T00:34:10|INFO|etl-runner|job completed|request_id=req25-7240
2026-06-25T01:56:44|INFO|billing-api|job completed|request_id=req25-5288
2026-06-25T00:55:12|INFO|billing-api|heartbeat ok|request_id=req25-6457
2026-06-25T00:38:08|WARN|billing-api|retry succeeded|request_id=req25-3983
2026-06-25T01:41:01|INFO|reporting-worker|file received|request_id=req25-2652
2026-06-25T02:13:00|INFO|customer-api|retry succeeded|request_id=req25-6067
2026-06-25T02:31:13|INFO|reporting-worker|job completed|request_id=req25-2294
2026-06-25T02:14:16|INFO|customer-api|job completed|request_id=req25-2527
2026-06-25T02:25:33|INFO|reporting-worker|retry succeeded|request_id=req25-3575
2026-06-25T02:08:24|INFO|etl-runner|heartbeat ok|request_id=req25-4706
2026-06-25T01:18:50|INFO|etl-runner|job completed|request_id=req25-8072
2026-06-25T03:07:12|INFO|customer-api|retry succeeded|request_id=req25-8666
2026-06-25T02:24:40|INFO|reporting-worker|file received|request_id=req25-5450
2026-06-25T02:03:32|INFO|customer-api|retry succeeded|request_id=req25-7291
2026-06-25T01:27:36|INFO|etl-runner|job completed|request_id=req25-9954
